<?xml version="1.0" encoding="UTF-8"?>
<coverage generated="1781573684640" clover="3.2.0">
  <project timestamp="1781573684640" name="All files">
    <metrics statements="96" coveredstatements="92" conditionals="28" coveredconditionals="25" methods="7" coveredmethods="7" elements="131" coveredelements="124" complexity="0" loc="96" ncloc="96" packages="1" files="4" classes="4"/>
    <file name="index.ts" path="/Volumes/X9/Sites/nself/packages/@nself/observability/src/index.ts">
      <metrics statements="9" coveredstatements="9" conditionals="3" coveredconditionals="3" methods="1" coveredmethods="1"/>
      <line num="1" count="1" type="stmt"/>
      <line num="67" count="1" type="cond" truecount="1" falsecount="0"/>
      <line num="68" count="5" type="cond" truecount="1" falsecount="0"/>
      <line num="69" count="3" type="stmt"/>
      <line num="70" count="3" type="stmt"/>
      <line num="71" count="5" type="cond" truecount="1" falsecount="0"/>
      <line num="72" count="1" type="stmt"/>
      <line num="73" count="1" type="stmt"/>
      <line num="74" count="5" type="stmt"/>
    </file>
    <file name="otel.ts" path="/Volumes/X9/Sites/nself/packages/@nself/observability/src/otel.ts">
      <metrics statements="17" coveredstatements="13" conditionals="3" coveredconditionals="1" methods="1" coveredmethods="1"/>
      <line num="1" count="1" type="stmt"/>
      <line num="24" count="1" type="stmt"/>
      <line num="47" count="1" type="cond" truecount="1" falsecount="0"/>
      <line num="48" count="1" type="stmt"/>
      <line num="50" count="1" type="cond" truecount="0" falsecount="1"/>
      <line num="53" count="0" type="stmt"/>
      <line num="54" count="0" type="stmt"/>
      <line num="55" count="0" type="cond" truecount="0" falsecount="1"/>
      <line num="56" count="0" type="stmt"/>
      <line num="58" count="1" type="stmt"/>
      <line num="59" count="1" type="stmt"/>
      <line num="60" count="1" type="stmt"/>
      <line num="62" count="1" type="stmt"/>
      <line num="64" count="1" type="stmt"/>
      <line num="65" count="1" type="stmt"/>
      <line num="66" count="1" type="stmt"/>
      <line num="67" count="1" type="stmt"/>
    </file>
    <file name="pii.ts" path="/Volumes/X9/Sites/nself/packages/@nself/observability/src/pii.ts">
      <metrics statements="43" coveredstatements="43" conditionals="14" coveredconditionals="13" methods="3" coveredmethods="3"/>
      <line num="17" count="1" type="stmt"/>
      <line num="19" count="1" type="stmt"/>
      <line num="20" count="1" type="stmt"/>
      <line num="21" count="1" type="stmt"/>
      <line num="22" count="1" type="stmt"/>
      <line num="24" count="1" type="stmt"/>
      <line num="25" count="1" type="stmt"/>
      <line num="26" count="1" type="stmt"/>
      <line num="27" count="1" type="stmt"/>
      <line num="29" count="1" type="stmt"/>
      <line num="30" count="1" type="stmt"/>
      <line num="31" count="1" type="stmt"/>
      <line num="32" count="1" type="stmt"/>
      <line num="33" count="1" type="stmt"/>
      <line num="36" count="1" type="stmt"/>
      <line num="44" count="28" type="cond" truecount="1" falsecount="0"/>
      <line num="45" count="28" type="stmt"/>
      <line num="46" count="28" type="cond" truecount="1" falsecount="0"/>
      <line num="48" count="84" type="stmt"/>
      <line num="49" count="84" type="stmt"/>
      <line num="50" count="84" type="stmt"/>
      <line num="51" count="28" type="stmt"/>
      <line num="52" count="28" type="stmt"/>
      <line num="61" count="72" type="cond" truecount="1" falsecount="0"/>
      <line num="62" count="72" type="cond" truecount="0" falsecount="1"/>
      <line num="64" count="72" type="cond" truecount="1" falsecount="0"/>
      <line num="65" count="28" type="stmt"/>
      <line num="66" count="28" type="cond" truecount="1" falsecount="0"/>
      <line num="68" count="72" type="cond" truecount="1" falsecount="0"/>
      <line num="69" count="2" type="cond" truecount="1" falsecount="0"/>
      <line num="70" count="2" type="cond" truecount="1" falsecount="0"/>
      <line num="72" count="72" type="cond" truecount="2" falsecount="0"/>
      <line num="73" count="40" type="stmt"/>
      <line num="74" count="40" type="cond" truecount="1" falsecount="0"/>
      <line num="75" count="49" type="stmt"/>
      <line num="76" count="49" type="stmt"/>
      <line num="77" count="40" type="stmt"/>
      <line num="78" count="40" type="cond" truecount="1" falsecount="0"/>
      <line num="80" count="2" type="stmt"/>
      <line num="81" count="2" type="stmt"/>
      <line num="93" count="1" type="cond" truecount="1" falsecount="0"/>
      <line num="94" count="18" type="stmt"/>
      <line num="95" count="18" type="stmt"/>
    </file>
    <file name="sentry.ts" path="/Volumes/X9/Sites/nself/packages/@nself/observability/src/sentry.ts">
      <metrics statements="27" coveredstatements="27" conditionals="8" coveredconditionals="8" methods="2" coveredmethods="2"/>
      <line num="1" count="1" type="stmt"/>
      <line num="73" count="1" type="stmt"/>
      <line num="75" count="1" type="stmt"/>
      <line num="76" count="1" type="stmt"/>
      <line num="77" count="1" type="stmt"/>
      <line num="79" count="1" type="stmt"/>
      <line num="81" count="1" type="stmt"/>
      <line num="83" count="1" type="stmt"/>
      <line num="84" count="1" type="stmt"/>
      <line num="94" count="1" type="cond" truecount="1" falsecount="0"/>
      <line num="95" count="3" type="stmt"/>
      <line num="97" count="3" type="cond" truecount="2" falsecount="0"/>
      <line num="99" count="3" type="cond" truecount="2" falsecount="0"/>
      <line num="101" count="3" type="stmt"/>
      <line num="102" count="3" type="stmt"/>
      <line num="103" count="3" type="stmt"/>
      <line num="104" count="3" type="stmt"/>
      <line num="105" count="3" type="cond" truecount="1" falsecount="0"/>
      <line num="106" count="3" type="stmt"/>
      <line num="109" count="3" type="cond" truecount="1" falsecount="0"/>
      <line num="110" count="1" type="stmt"/>
      <line num="111" count="1" type="stmt"/>
      <line num="112" count="3" type="stmt"/>
      <line num="115" count="3" type="cond" truecount="1" falsecount="0"/>
      <line num="117" count="1" type="stmt"/>
      <line num="118" count="1" type="stmt"/>
      <line num="119" count="3" type="stmt"/>
    </file>
  </project>
</coverage>
