{"/Volumes/X9/Sites/nself/packages/@nself/observability/src/index.ts": {"path":"/Volumes/X9/Sites/nself/packages/@nself/observability/src/index.ts","all":false,"statementMap":{"0":{"start":{"line":1,"column":0},"end":{"line":1,"column":3}},"66":{"start":{"line":67,"column":0},"end":{"line":67,"column":70}},"67":{"start":{"line":68,"column":0},"end":{"line":68,"column":22}},"68":{"start":{"line":69,"column":0},"end":{"line":69,"column":30}},"69":{"start":{"line":70,"column":0},"end":{"line":70,"column":3}},"70":{"start":{"line":71,"column":0},"end":{"line":71,"column":20}},"71":{"start":{"line":72,"column":0},"end":{"line":72,"column":26}},"72":{"start":{"line":73,"column":0},"end":{"line":73,"column":3}},"73":{"start":{"line":74,"column":0},"end":{"line":74,"column":1}}},"s":{"0":1,"66":1,"67":5,"68":3,"69":3,"70":5,"71":1,"72":1,"73":5},"branchMap":{"0":{"type":"branch","line":67,"loc":{"start":{"line":67,"column":7},"end":{"line":74,"column":1}},"locations":[{"start":{"line":67,"column":7},"end":{"line":74,"column":1}}]},"1":{"type":"branch","line":68,"loc":{"start":{"line":68,"column":21},"end":{"line":70,"column":3}},"locations":[{"start":{"line":68,"column":21},"end":{"line":70,"column":3}}]},"2":{"type":"branch","line":71,"loc":{"start":{"line":71,"column":19},"end":{"line":73,"column":3}},"locations":[{"start":{"line":71,"column":19},"end":{"line":73,"column":3}}]}},"b":{"0":[5],"1":[3],"2":[1]},"fnMap":{"0":{"name":"initObservability","decl":{"start":{"line":67,"column":7},"end":{"line":74,"column":1}},"loc":{"start":{"line":67,"column":7},"end":{"line":74,"column":1}},"line":67}},"f":{"0":5}}
,"/Volumes/X9/Sites/nself/packages/@nself/observability/src/otel.ts": {"path":"/Volumes/X9/Sites/nself/packages/@nself/observability/src/otel.ts","all":false,"statementMap":{"0":{"start":{"line":1,"column":0},"end":{"line":1,"column":3}},"23":{"start":{"line":24,"column":0},"end":{"line":24,"column":61}},"46":{"start":{"line":47,"column":0},"end":{"line":47,"column":52}},"47":{"start":{"line":48,"column":0},"end":{"line":48,"column":33}},"49":{"start":{"line":50,"column":0},"end":{"line":50,"column":27}},"52":{"start":{"line":53,"column":0},"end":{"line":53,"column":18}},"53":{"start":{"line":54,"column":0},"end":{"line":54,"column":22}},"54":{"start":{"line":55,"column":0},"end":{"line":55,"column":88}},"55":{"start":{"line":56,"column":0},"end":{"line":56,"column":26}},"57":{"start":{"line":58,"column":0},"end":{"line":58,"column":33}},"58":{"start":{"line":59,"column":0},"end":{"line":59,"column":59}},"59":{"start":{"line":60,"column":0},"end":{"line":60,"column":5}},"61":{"start":{"line":62,"column":0},"end":{"line":62,"column":57}},"63":{"start":{"line":64,"column":0},"end":{"line":64,"column":56}},"64":{"start":{"line":65,"column":0},"end":{"line":65,"column":62}},"65":{"start":{"line":66,"column":0},"end":{"line":66,"column":22}},"66":{"start":{"line":67,"column":0},"end":{"line":67,"column":1}}},"s":{"0":1,"23":1,"46":1,"47":1,"49":1,"52":0,"53":0,"54":0,"55":0,"57":1,"58":1,"59":1,"61":1,"63":1,"64":1,"65":1,"66":1},"branchMap":{"0":{"type":"branch","line":47,"loc":{"start":{"line":47,"column":7},"end":{"line":67,"column":1}},"locations":[{"start":{"line":47,"column":7},"end":{"line":67,"column":1}}]},"1":{"type":"branch","line":50,"loc":{"start":{"line":50,"column":20},"end":{"line":55,"column":88}},"locations":[{"start":{"line":50,"column":20},"end":{"line":55,"column":88}}]},"2":{"type":"branch","line":55,"loc":{"start":{"line":55,"column":75},"end":{"line":56,"column":26}},"locations":[{"start":{"line":55,"column":75},"end":{"line":56,"column":26}}]}},"b":{"0":[1],"1":[0],"2":[0]},"fnMap":{"0":{"name":"initOtel","decl":{"start":{"line":47,"column":7},"end":{"line":67,"column":1}},"loc":{"start":{"line":47,"column":7},"end":{"line":67,"column":1}},"line":47}},"f":{"0":1}}
,"/Volumes/X9/Sites/nself/packages/@nself/observability/src/pii.ts": {"path":"/Volumes/X9/Sites/nself/packages/@nself/observability/src/pii.ts","all":false,"statementMap":{"16":{"start":{"line":17,"column":0},"end":{"line":17,"column":87}},"18":{"start":{"line":19,"column":0},"end":{"line":19,"column":3}},"19":{"start":{"line":20,"column":0},"end":{"line":20,"column":65}},"20":{"start":{"line":21,"column":0},"end":{"line":21,"column":27}},"21":{"start":{"line":22,"column":0},"end":{"line":22,"column":4}},"23":{"start":{"line":24,"column":0},"end":{"line":24,"column":3}},"24":{"start":{"line":25,"column":0},"end":{"line":25,"column":89}},"25":{"start":{"line":26,"column":0},"end":{"line":26,"column":26}},"26":{"start":{"line":27,"column":0},"end":{"line":27,"column":4}},"28":{"start":{"line":29,"column":0},"end":{"line":29,"column":3}},"29":{"start":{"line":30,"column":0},"end":{"line":30,"column":30}},"30":{"start":{"line":31,"column":0},"end":{"line":31,"column":27}},"31":{"start":{"line":32,"column":0},"end":{"line":32,"column":4}},"32":{"start":{"line":33,"column":0},"end":{"line":33,"column":2}},"35":{"start":{"line":36,"column":0},"end":{"line":36,"column":21}},"43":{"start":{"line":44,"column":0},"end":{"line":44,"column":45}},"44":{"start":{"line":45,"column":0},"end":{"line":45,"column":21}},"45":{"start":{"line":46,"column":0},"end":{"line":46,"column":57}},"47":{"start":{"line":48,"column":0},"end":{"line":48,"column":26}},"48":{"start":{"line":49,"column":0},"end":{"line":49,"column":50}},"49":{"start":{"line":50,"column":0},"end":{"line":50,"column":3}},"50":{"start":{"line":51,"column":0},"end":{"line":51,"column":16}},"51":{"start":{"line":52,"column":0},"end":{"line":52,"column":1}},"60":{"start":{"line":61,"column":0},"end":{"line":61,"column":61}},"61":{"start":{"line":62,"column":0},"end":{"line":62,"column":38}},"63":{"start":{"line":64,"column":0},"end":{"line":64,"column":34}},"64":{"start":{"line":65,"column":0},"end":{"line":65,"column":30}},"65":{"start":{"line":66,"column":0},"end":{"line":66,"column":3}},"67":{"start":{"line":68,"column":0},"end":{"line":68,"column":29}},"68":{"start":{"line":69,"column":0},"end":{"line":69,"column":60}},"69":{"start":{"line":70,"column":0},"end":{"line":70,"column":3}},"71":{"start":{"line":72,"column":0},"end":{"line":72,"column":52}},"72":{"start":{"line":73,"column":0},"end":{"line":73,"column":47}},"73":{"start":{"line":74,"column":0},"end":{"line":74,"column":80}},"74":{"start":{"line":75,"column":0},"end":{"line":75,"column":47}},"75":{"start":{"line":76,"column":0},"end":{"line":76,"column":5}},"76":{"start":{"line":77,"column":0},"end":{"line":77,"column":18}},"77":{"start":{"line":78,"column":0},"end":{"line":78,"column":3}},"79":{"start":{"line":80,"column":0},"end":{"line":80,"column":15}},"80":{"start":{"line":81,"column":0},"end":{"line":81,"column":1}},"92":{"start":{"line":93,"column":0},"end":{"line":93,"column":85}},"93":{"start":{"line":94,"column":0},"end":{"line":94,"column":57}},"94":{"start":{"line":95,"column":0},"end":{"line":95,"column":1}}},"s":{"16":1,"18":1,"19":1,"20":1,"21":1,"23":1,"24":1,"25":1,"26":1,"28":1,"29":1,"30":1,"31":1,"32":1,"35":1,"43":28,"44":28,"45":28,"47":84,"48":84,"49":84,"50":28,"51":28,"60":72,"61":72,"63":72,"64":28,"65":28,"67":72,"68":2,"69":2,"71":72,"72":40,"73":40,"74":49,"75":49,"76":40,"77":40,"79":2,"80":2,"92":1,"93":18,"94":18},"branchMap":{"0":{"type":"branch","line":44,"loc":{"start":{"line":44,"column":0},"end":{"line":52,"column":1}},"locations":[{"start":{"line":44,"column":0},"end":{"line":52,"column":1}}]},"1":{"type":"branch","line":46,"loc":{"start":{"line":46,"column":56},"end":{"line":50,"column":3}},"locations":[{"start":{"line":46,"column":56},"end":{"line":50,"column":3}}]},"2":{"type":"branch","line":61,"loc":{"start":{"line":61,"column":0},"end":{"line":81,"column":1}},"locations":[{"start":{"line":61,"column":0},"end":{"line":81,"column":1}}]},"3":{"type":"branch","line":62,"loc":{"start":{"line":62,"column":25},"end":{"line":62,"column":38}},"locations":[{"start":{"line":62,"column":25},"end":{"line":62,"column":38}}]},"4":{"type":"branch","line":64,"loc":{"start":{"line":64,"column":33},"end":{"line":66,"column":3}},"locations":[{"start":{"line":64,"column":33},"end":{"line":66,"column":3}}]},"5":{"type":"branch","line":66,"loc":{"start":{"line":66,"column":2},"end":{"line":68,"column":28}},"locations":[{"start":{"line":66,"column":2},"end":{"line":68,"column":28}}]},"6":{"type":"branch","line":68,"loc":{"start":{"line":68,"column":28},"end":{"line":70,"column":3}},"locations":[{"start":{"line":68,"column":28},"end":{"line":70,"column":3}}]},"7":{"type":"branch","line":70,"loc":{"start":{"line":70,"column":2},"end":{"line":72,"column":24}},"locations":[{"start":{"line":70,"column":2},"end":{"line":72,"column":24}}]},"8":{"type":"branch","line":72,"loc":{"start":{"line":72,"column":16},"end":{"line":72,"column":51}},"locations":[{"start":{"line":72,"column":16},"end":{"line":72,"column":51}}]},"9":{"type":"branch","line":72,"loc":{"start":{"line":72,"column":51},"end":{"line":78,"column":3}},"locations":[{"start":{"line":72,"column":51},"end":{"line":78,"column":3}}]},"10":{"type":"branch","line":74,"loc":{"start":{"line":74,"column":79},"end":{"line":76,"column":5}},"locations":[{"start":{"line":74,"column":79},"end":{"line":76,"column":5}}]},"11":{"type":"branch","line":78,"loc":{"start":{"line":78,"column":2},"end":{"line":81,"column":1}},"locations":[{"start":{"line":78,"column":2},"end":{"line":81,"column":1}}]},"12":{"type":"branch","line":69,"loc":{"start":{"line":69,"column":21},"end":{"line":69,"column":58}},"locations":[{"start":{"line":69,"column":21},"end":{"line":69,"column":58}}]},"13":{"type":"branch","line":93,"loc":{"start":{"line":93,"column":7},"end":{"line":95,"column":1}},"locations":[{"start":{"line":93,"column":7},"end":{"line":95,"column":1}}]}},"b":{"0":[28],"1":[84],"2":[72],"3":[0],"4":[28],"5":[44],"6":[2],"7":[42],"8":[41],"9":[40],"10":[49],"11":[2],"12":[5],"13":[18]},"fnMap":{"0":{"name":"scrubString","decl":{"start":{"line":44,"column":0},"end":{"line":52,"column":1}},"loc":{"start":{"line":44,"column":0},"end":{"line":52,"column":1}},"line":44},"1":{"name":"scrubValue","decl":{"start":{"line":61,"column":0},"end":{"line":81,"column":1}},"loc":{"start":{"line":61,"column":0},"end":{"line":81,"column":1}},"line":61},"2":{"name":"scrubEvent","decl":{"start":{"line":93,"column":7},"end":{"line":95,"column":1}},"loc":{"start":{"line":93,"column":7},"end":{"line":95,"column":1}},"line":93}},"f":{"0":28,"1":72,"2":18}}
,"/Volumes/X9/Sites/nself/packages/@nself/observability/src/sentry.ts": {"path":"/Volumes/X9/Sites/nself/packages/@nself/observability/src/sentry.ts","all":false,"statementMap":{"0":{"start":{"line":1,"column":0},"end":{"line":1,"column":3}},"72":{"start":{"line":73,"column":0},"end":{"line":73,"column":55}},"74":{"start":{"line":75,"column":0},"end":{"line":75,"column":27}},"75":{"start":{"line":76,"column":0},"end":{"line":76,"column":20}},"76":{"start":{"line":77,"column":0},"end":{"line":77,"column":16}},"78":{"start":{"line":79,"column":0},"end":{"line":79,"column":24}},"80":{"start":{"line":81,"column":0},"end":{"line":81,"column":41}},"82":{"start":{"line":83,"column":0},"end":{"line":83,"column":15}},"83":{"start":{"line":84,"column":0},"end":{"line":84,"column":2}},"93":{"start":{"line":94,"column":0},"end":{"line":94,"column":56}},"94":{"start":{"line":95,"column":0},"end":{"line":95,"column":79}},"96":{"start":{"line":97,"column":0},"end":{"line":97,"column":19}},"98":{"start":{"line":99,"column":0},"end":{"line":99,"column":75}},"100":{"start":{"line":101,"column":0},"end":{"line":101,"column":12}},"101":{"start":{"line":102,"column":0},"end":{"line":102,"column":8}},"102":{"start":{"line":103,"column":0},"end":{"line":103,"column":16}},"103":{"start":{"line":104,"column":0},"end":{"line":104,"column":12}},"104":{"start":{"line":105,"column":0},"end":{"line":105,"column":66}},"105":{"start":{"line":106,"column":0},"end":{"line":106,"column":37}},"108":{"start":{"line":109,"column":0},"end":{"line":109,"column":48}},"109":{"start":{"line":110,"column":0},"end":{"line":110,"column":31}},"110":{"start":{"line":111,"column":0},"end":{"line":111,"column":6}},"111":{"start":{"line":112,"column":0},"end":{"line":112,"column":5}},"114":{"start":{"line":115,"column":0},"end":{"line":115,"column":37}},"116":{"start":{"line":117,"column":0},"end":{"line":117,"column":96}},"117":{"start":{"line":118,"column":0},"end":{"line":118,"column":3}},"118":{"start":{"line":119,"column":0},"end":{"line":119,"column":1}}},"s":{"0":1,"72":1,"74":1,"75":1,"76":1,"78":1,"80":1,"82":1,"83":1,"93":1,"94":3,"96":3,"98":3,"100":3,"101":3,"102":3,"103":3,"104":3,"105":3,"108":3,"109":1,"110":1,"111":3,"114":3,"116":1,"117":1,"118":3},"branchMap":{"0":{"type":"branch","line":94,"loc":{"start":{"line":94,"column":7},"end":{"line":119,"column":1}},"locations":[{"start":{"line":94,"column":7},"end":{"line":119,"column":1}}]},"1":{"type":"branch","line":97,"loc":{"start":{"line":97,"column":12},"end":{"line":97,"column":19}},"locations":[{"start":{"line":97,"column":12},"end":{"line":97,"column":19}}]},"2":{"type":"branch","line":97,"loc":{"start":{"line":97,"column":12},"end":{"line":99,"column":65}},"locations":[{"start":{"line":97,"column":12},"end":{"line":99,"column":65}}]},"3":{"type":"branch","line":99,"loc":{"start":{"line":99,"column":50},"end":{"line":99,"column":71}},"locations":[{"start":{"line":99,"column":50},"end":{"line":99,"column":71}}]},"4":{"type":"branch","line":99,"loc":{"start":{"line":99,"column":65},"end":{"line":99,"column":75}},"locations":[{"start":{"line":99,"column":65},"end":{"line":99,"column":75}}]},"5":{"type":"branch","line":105,"loc":{"start":{"line":105,"column":22},"end":{"line":105,"column":66}},"locations":[{"start":{"line":105,"column":22},"end":{"line":105,"column":66}}]},"6":{"type":"branch","line":115,"loc":{"start":{"line":115,"column":36},"end":{"line":118,"column":3}},"locations":[{"start":{"line":115,"column":36},"end":{"line":118,"column":3}}]},"7":{"type":"branch","line":109,"loc":{"start":{"line":109,"column":4},"end":{"line":111,"column":6}},"locations":[{"start":{"line":109,"column":4},"end":{"line":111,"column":6}}]}},"b":{"0":[3],"1":[1],"2":[2],"3":[1],"4":[1],"5":[2],"6":[1],"7":[1]},"fnMap":{"0":{"name":"initSentry","decl":{"start":{"line":94,"column":7},"end":{"line":119,"column":1}},"loc":{"start":{"line":94,"column":7},"end":{"line":119,"column":1}},"line":94},"1":{"name":"beforeSend","decl":{"start":{"line":109,"column":4},"end":{"line":111,"column":6}},"loc":{"start":{"line":109,"column":4},"end":{"line":111,"column":6}},"line":109}},"f":{"0":3,"1":1}}
}
